[Info]k:2000,data:geo,fv:df,type:black,demo:false,att:imp
Start loading black training data from ./data/geo/ArffData/black_train_imp_df_2000_demo_false.arff....
Start loading black testing data from ./data/geo/ArffData/black_test_imp_df_2000_demo_false.arff....
Start evaluation...

Results For imp Attitudes
======

Correlation coefficient                  0.2762
Mean absolute error                      0.1101
Root mean squared error                  0.1511
Relative absolute error                329.0124 %
Root relative squared error            378.9957 %
Total Number of Instances               50     

Exception in thread "main" java.lang.NoClassDefFoundError: org/apache/commons/math3/stat/inference/TTest
	at mains.JWeightMain.main(JWeightMain.java:88)
Caused by: java.lang.ClassNotFoundException: org.apache.commons.math3.stat.inference.TTest
	at java.net.URLClassLoader.findClass(URLClassLoader.java:381)
	at java.lang.ClassLoader.loadClass(ClassLoader.java:424)
	at sun.misc.Launcher$AppClassLoader.loadClass(Launcher.java:331)
	at java.lang.ClassLoader.loadClass(ClassLoader.java:357)
	... 1 more
