[Info]k:21,data:geo,fv:seed,type:black,demo:false,att:imp
Start generating black training tweets....
20 feature words loaded from ./data/geo/black_seed_21.txt...
Loading 616 stopwords from ./data/Model/stopwords.dat
...............---------------------------------------------
601 secs are used to load the users.
110/150 users are loaded from ./data/geo/tweetSplit/tweetsTrain/...
alachua_florida
anoka_minnesota
boone_missouri
boulder_colorado
champaign_illinois
clackamas_oregon
cumberland_maine
dane_wisconsin
delaware_indiana
essex_massachusetts
fairfield_connecticut
fayette_kentucky
gallatin_montana
hampden_massachusetts
hartford_connecticut
hillsborough_new_hampshire
ingham_michigan
johnson_iowa
lancaster_pennsylvania
larimer_colorado
lee_alabama
leon_florida
macomb_michigan
marion_indiana
mchenry_illinois
mclean_illinois
new_castle_delaware
norfolk_massachusetts
palm_beach_florida
san_luis_obispo_california
san_mateo_california
sangamon_illinois
sonoma_california
tolland_connecticut
tompkins_new_york
tulsa_oklahoma
waukesha_wisconsin
weld_colorado
whatcom_washington
whitman_washington
the number of counties of iat score 110
Text feature generated for 6007 documents...
Start generating black testing tweets....
20 feature words loaded from ./data/geo/black_seed_21.txt...
...