[Info]k:4000,data:geo,fv:toplr,type:black,demo:false,att:imp
Start loading black training data from ./data/geo/ArffData/black_train_imp_toplr_4000_demo_false.arff....
[Info] Finish writing model weights!
[Info]k:4000,data:geo,fv:toplr,type:black,demo:false,att:exp
Start loading black training data from ./data/geo/ArffData/black_train_exp_toplr_4000_demo_false.arff....
[Info] Finish writing model weights!
[Info]k:4000,data:geo,fv:toplr,type:black,demo:true,att:imp
Start loading black training data from ./data/geo/ArffData/black_train_imp_toplr_4000_demo_true.arff....
[Info] Finish writing model weights!
[Info]k:4000,data:geo,fv:toplr,type:black,demo:true,att:exp
Start loading black training data from ./data/geo/ArffData/black_train_exp_toplr_4000_demo_true.arff....
[Info] Finish writing model weights!
[Info]k:4000,data:geo,fv:toplr,type:gay,demo:false,att:imp
Start loading gay training data from ./data/geo/ArffData/gay_train_imp_toplr_4000_demo_false.arff....
[Info] Finish writing model weights!
[Info]k:4000,data:geo,fv:toplr,type:gay,demo:false,att:exp
Start loading gay training data from ./data/geo/ArffData/gay_train_exp_toplr_4000_demo_false.arff....
[Info] Finish writing model weights!
[Info]k:4000,data:geo,fv:toplr,type:gay,demo:true,att:imp
Start loading gay training data from ./data/geo/ArffData/gay_train_imp_toplr_4000_demo_true.arff....
[Info] Finish writing model weights!
[Info]k:4000,data:geo,fv:toplr,type:gay,demo:true,att:exp
Start loading gay training data from ./data/geo/ArffData/gay_train_exp_toplr_4000_demo_true.arff....
[Info] Finish writing model weights!
[Info]k:4000,data:geo,fv:df,type:black,demo:false,att:imp
Start loading black training data from ./data/geo/ArffData/black_train_imp_df_4000_demo_false.arff....
